0 info it worked if it ends with ok
1 verbose cli [ 'E:\\nodejs\\node.exe',
1 verbose cli   'E:\\nodejs\\node_modules\\npm\\bin\\npm-cli.js',
1 verbose cli   'run',
1 verbose cli   'lint' ]
2 info using npm@2.14.12
3 info using node@v4.2.6
4 verbose run-script [ 'prelint', 'lint', 'postlint' ]
5 info prelint whiskeyclub@0.2.1
6 info lint whiskeyclub@0.2.1
7 verbose unsafe-perm in lifecycle true
8 info whiskeyclub@0.2.1 Failed to exec lint script
9 verbose stack Error: whiskeyclub@0.2.1 lint: `eslint . --ext .js --ext .jsx`
9 verbose stack Exit status 1
9 verbose stack     at EventEmitter.<anonymous> (E:\nodejs\node_modules\npm\lib\utils\lifecycle.js:214:16)
9 verbose stack     at emitTwo (events.js:87:13)
9 verbose stack     at EventEmitter.emit (events.js:172:7)
9 verbose stack     at ChildProcess.<anonymous> (E:\nodejs\node_modules\npm\lib\utils\spawn.js:24:14)
9 verbose stack     at emitTwo (events.js:87:13)
9 verbose stack     at ChildProcess.emit (events.js:172:7)
9 verbose stack     at maybeClose (internal/child_process.js:821:16)
9 verbose stack     at Process.ChildProcess._handle.onexit (internal/child_process.js:211:5)
10 verbose pkgid whiskeyclub@0.2.1
11 verbose cwd E:\coding\whiskeyclub\src
12 error Windows_NT 6.1.7601
13 error argv "E:\\nodejs\\node.exe" "E:\\nodejs\\node_modules\\npm\\bin\\npm-cli.js" "run" "lint"
14 error node v4.2.6
15 error npm  v2.14.12
16 error code ELIFECYCLE
17 error whiskeyclub@0.2.1 lint: `eslint . --ext .js --ext .jsx`
17 error Exit status 1
18 error Failed at the whiskeyclub@0.2.1 lint script 'eslint . --ext .js --ext .jsx'.
18 error This is most likely a problem with the whiskeyclub package,
18 error not with npm itself.
18 error Tell the author that this fails on your system:
18 error     eslint . --ext .js --ext .jsx
18 error You can get their info via:
18 error     npm owner ls whiskeyclub
18 error There is likely additional logging output above.
19 verbose exit [ 1, true ]
